<?xml version="1.0" encoding="UTF-8"?>
<testsuites name="jest tests" tests="4" failures="0" errors="0" time="1.285">
  <testsuite name="Controller" errors="0" failures="0" skipped="0" timestamp="2023-03-28T10:04:21" time="1.23" tests="4">
    <testcase classname="Controller should get sorted products by title A-Z" name="Controller should get sorted products by title A-Z" time="0.023">
    </testcase>
    <testcase classname="Controller should add a product to the cart" name="Controller should add a product to the cart" time="0.003">
    </testcase>
    <testcase classname="Controller should remove a product from the cart" name="Controller should remove a product from the cart" time="0.005">
    </testcase>
    <testcase classname="Controller should get the cart" name="Controller should get the cart" time="0.002">
    </testcase>
  </testsuite>
</testsuites>