TN:
SF:src/api.ts
FN:14,(anonymous_7)
FN:21,(anonymous_8)
FN:31,(anonymous_9)
FN:35,(anonymous_10)
FNF:4
FNH:4
FNDA:1,(anonymous_7)
FNDA:1,(anonymous_8)
FNDA:1,(anonymous_9)
FNDA:1,(anonymous_10)
DA:1,1
DA:2,1
DA:3,1
DA:4,1
DA:5,1
DA:6,1
DA:7,1
DA:15,1
DA:16,1
DA:17,1
DA:18,1
DA:22,1
DA:23,1
DA:24,1
DA:25,1
DA:26,1
DA:27,1
DA:28,1
DA:32,1
DA:36,1
DA:37,1
DA:41,1
LF:22
LH:22
BRF:0
BRH:0
end_of_record
TN:
SF:src/api-v1/index.ts
FNF:0
FNH:0
DA:1,1
DA:3,1
DA:5,1
DA:7,1
DA:9,1
LF:5
LH:5
BRF:0
BRH:0
end_of_record
TN:
SF:src/api-v1/products/product.controller.ts
FN:7,(anonymous_8)
FN:15,(anonymous_9)
FN:17,(anonymous_10)
FN:17,(anonymous_11)
FN:22,(anonymous_12)
FN:22,(anonymous_13)
FN:56,(anonymous_14)
FN:56,(anonymous_15)
FN:80,(anonymous_16)
FN:80,(anonymous_17)
FN:87,(anonymous_18)
FN:114,(anonymous_19)
FN:114,(anonymous_20)
FN:121,(anonymous_21)
FN:146,(anonymous_22)
FN:146,(anonymous_23)
FN:26,(anonymous_24)
FN:27,(anonymous_25)
FNF:18
FNH:18
FNDA:1,(anonymous_8)
FNDA:1,(anonymous_9)
FNDA:4,(anonymous_10)
FNDA:4,(anonymous_11)
FNDA:3,(anonymous_12)
FNDA:3,(anonymous_13)
FNDA:1,(anonymous_14)
FNDA:1,(anonymous_15)
FNDA:2,(anonymous_16)
FNDA:2,(anonymous_17)
FNDA:2,(anonymous_18)
FNDA:1,(anonymous_19)
FNDA:1,(anonymous_20)
FNDA:1,(anonymous_21)
FNDA:1,(anonymous_22)
FNDA:1,(anonymous_23)
FNDA:1,(anonymous_24)
FNDA:109,(anonymous_25)
DA:2,1
DA:4,1
DA:5,1
DA:7,1
DA:8,1
DA:9,1
DA:10,1
DA:11,1
DA:14,1
DA:17,4
DA:18,4
DA:19,4
DA:22,3
DA:23,3
DA:27,1
DA:28,109
DA:30,109
DA:32,0
DA:34,0
DA:36,0
DA:38,0
DA:56,1
DA:57,1
DA:59,1
DA:61,1
DA:62,0
DA:65,1
DA:67,1
DA:80,2
DA:81,2
DA:83,2
DA:84,0
DA:87,2
DA:89,2
DA:90,0
DA:93,2
DA:95,2
DA:96,2
DA:97,2
DA:99,2
DA:101,2
DA:114,1
DA:115,1
DA:117,1
DA:118,0
DA:121,1
DA:123,1
DA:124,0
DA:127,1
DA:129,1
DA:130,1
DA:131,1
DA:133,1
DA:135,1
DA:146,1
DA:147,1
DA:149,1
LF:57
LH:48
BRDA:7,0,0,1
BRDA:7,0,1,1
BRDA:57,1,0,1
BRDA:57,1,1,0
BRDA:61,2,0,0
BRDA:83,3,0,0
BRDA:89,4,0,0
BRDA:117,5,0,0
BRDA:123,6,0,0
BRDA:28,7,0,109
BRDA:28,7,1,0
BRDA:28,7,2,0
BRDA:28,7,3,0
BRDA:28,7,4,0
BRF:14
BRH:4
end_of_record
TN:
SF:src/api-v1/products/product.route.ts
FNF:0
FNH:0
DA:1,1
DA:2,1
DA:4,1
DA:5,1
DA:7,1
DA:9,1
DA:13,1
DA:15,1
LF:8
LH:8
BRF:0
BRH:0
end_of_record
TN:
SF:src/helpers/errorHandler.ts
FN:4,(anonymous_6)
FN:14,(anonymous_7)
FNF:2
FNH:0
FNDA:0,(anonymous_6)
FNDA:0,(anonymous_7)
DA:1,1
DA:4,1
DA:5,0
DA:6,0
DA:10,0
DA:14,1
DA:15,0
DA:16,0
DA:21,0
LF:9
LH:3
BRDA:15,0,0,0
BRDA:15,0,1,0
BRF:2
BRH:0
end_of_record
